{
  "stats": {
    "suites": 2,
    "tests": 2,
    "passes": 2,
    "pending": 0,
    "failures": 0,
    "start": "2020-03-03T17:32:32.049Z",
    "end": "2020-03-03T17:33:19.827Z",
    "duration": 47778,
    "testsRegistered": 2,
    "passPercent": 100,
    "pendingPercent": 0,
    "other": 0,
    "hasOther": false,
    "skipped": 0,
    "hasSkipped": false
  },
  "results": [
    {
      "uuid": "768c1d10-9fed-4c84-ab12-ece20a740f29",
      "title": "",
      "fullFile": "",
      "file": "",
      "beforeHooks": [],
      "afterHooks": [],
      "tests": [],
      "suites": [
        {
          "uuid": "e363e8ef-d622-4e56-a878-08fff20034b5",
          "title": "Joke categories",
          "fullFile": "/Users/kuntay.dogan/Documents/Projects/CodeChallenge/API_test.js",
          "file": "/API_test.js",
          "beforeHooks": [
            {
              "title": "\"before all\" hook: codeceptjs.beforeSuite",
              "fullTitle": "Joke categories \"before all\" hook: codeceptjs.beforeSuite",
              "timedOut": false,
              "duration": 1,
              "state": null,
              "speed": null,
              "pass": false,
              "fail": false,
              "pending": false,
              "context": null,
              "code": "scenario.suiteSetup(suite)",
              "err": {},
              "uuid": "991e24f5-5ea1-492f-87ab-5521f67282f2",
              "parentUUID": "e363e8ef-d622-4e56-a878-08fff20034b5",
              "isHook": true,
              "skipped": false
            },
            {
              "title": "\"before each\" hook: codeceptjs.before",
              "fullTitle": "Joke categories \"before each\" hook: codeceptjs.before",
              "timedOut": false,
              "duration": 10985,
              "state": null,
              "speed": null,
              "pass": false,
              "fail": false,
              "pending": false,
              "context": null,
              "code": "scenario.setup(suite)",
              "err": {},
              "uuid": "4ebd7f55-da7e-4c59-a7f6-a0744f3a8d05",
              "parentUUID": "e363e8ef-d622-4e56-a878-08fff20034b5",
              "isHook": true,
              "skipped": false
            }
          ],
          "afterHooks": [
            {
              "title": "\"after all\" hook: codeceptjs.afterSuite",
              "fullTitle": "Joke categories \"after all\" hook: codeceptjs.afterSuite",
              "timedOut": false,
              "duration": 10,
              "state": null,
              "speed": null,
              "pass": false,
              "fail": false,
              "pending": false,
              "context": null,
              "code": "scenario.suiteTeardown(suite)",
              "err": {},
              "uuid": "af218d4b-1a37-4478-be83-59b9e0320a64",
              "parentUUID": "e363e8ef-d622-4e56-a878-08fff20034b5",
              "isHook": true,
              "skipped": false
            },
            {
              "title": "\"after each\" hook: finalize codeceptjs",
              "fullTitle": "Joke categories \"after each\" hook: finalize codeceptjs",
              "timedOut": false,
              "duration": 6,
              "state": null,
              "speed": null,
              "pass": false,
              "fail": false,
              "pending": false,
              "context": null,
              "code": "scenario.teardown(suite)",
              "err": {},
              "uuid": "87b24750-5a16-4eaf-91b7-935e585ba1e7",
              "parentUUID": "e363e8ef-d622-4e56-a878-08fff20034b5",
              "isHook": true,
              "skipped": false
            }
          ],
          "tests": [
            {
              "title": "Fetching joke categories from the API",
              "fullTitle": "Joke categories: Fetching joke categories from the API",
              "timedOut": false,
              "duration": 325,
              "state": "passed",
              "speed": "slow",
              "pass": true,
              "fail": false,
              "pending": false,
              "context": null,
              "code": "const res = await I.sendGetRequest('jokes/categories');\nexpect(res.status).to.eql(200);\nexpect(res.data.length).to.not.eql(0);",
              "err": {},
              "uuid": "ab1fb52d-14ee-429a-b749-160b84728399",
              "parentUUID": "e363e8ef-d622-4e56-a878-08fff20034b5",
              "isHook": false,
              "skipped": false
            }
          ],
          "suites": [],
          "passes": [
            "ab1fb52d-14ee-429a-b749-160b84728399"
          ],
          "failures": [],
          "pending": [],
          "skipped": [],
          "duration": 325,
          "root": false,
          "rootEmpty": false,
          "_timeout": 0
        },
        {
          "uuid": "6dd0dae4-4591-4051-bfcc-98f6c3b7c73e",
          "title": "login",
          "fullFile": "/Users/kuntay.dogan/Documents/Projects/CodeChallenge/login_test.js",
          "file": "/login_test.js",
          "beforeHooks": [
            {
              "title": "\"before all\" hook: codeceptjs.beforeSuite",
              "fullTitle": "login \"before all\" hook: codeceptjs.beforeSuite",
              "timedOut": false,
              "duration": 1,
              "state": null,
              "speed": null,
              "pass": false,
              "fail": false,
              "pending": false,
              "context": null,
              "code": "scenario.suiteSetup(suite)",
              "err": {},
              "uuid": "b80db06f-8fb1-4e76-9070-19914c22f839",
              "parentUUID": "6dd0dae4-4591-4051-bfcc-98f6c3b7c73e",
              "isHook": true,
              "skipped": false
            },
            {
              "title": "\"before each\" hook: codeceptjs.before",
              "fullTitle": "login \"before each\" hook: codeceptjs.before",
              "timedOut": false,
              "duration": 14593,
              "state": null,
              "speed": null,
              "pass": false,
              "fail": false,
              "pending": false,
              "context": null,
              "code": "scenario.setup(suite)",
              "err": {},
              "uuid": "f2d7d8a7-c68c-417c-9954-97da10ebeea6",
              "parentUUID": "6dd0dae4-4591-4051-bfcc-98f6c3b7c73e",
              "isHook": true,
              "skipped": false
            }
          ],
          "afterHooks": [
            {
              "title": "\"after all\" hook: codeceptjs.afterSuite",
              "fullTitle": "login \"after all\" hook: codeceptjs.afterSuite",
              "timedOut": false,
              "duration": 1,
              "state": null,
              "speed": null,
              "pass": false,
              "fail": false,
              "pending": false,
              "context": null,
              "code": "scenario.suiteTeardown(suite)",
              "err": {},
              "uuid": "f91c3b35-a3cc-49b7-824d-57bd01ed735d",
              "parentUUID": "6dd0dae4-4591-4051-bfcc-98f6c3b7c73e",
              "isHook": true,
              "skipped": false
            },
            {
              "title": "\"after each\" hook: finalize codeceptjs",
              "fullTitle": "login \"after each\" hook: finalize codeceptjs",
              "timedOut": false,
              "duration": 4,
              "state": null,
              "speed": null,
              "pass": false,
              "fail": false,
              "pending": false,
              "context": null,
              "code": "scenario.teardown(suite)",
              "err": {},
              "uuid": "0765e944-aec8-4559-b2fa-f01219a4e4da",
              "parentUUID": "6dd0dae4-4591-4051-bfcc-98f6c3b7c73e",
              "isHook": true,
              "skipped": false
            }
          ],
          "tests": [
            {
              "title": "successfull login",
              "fullTitle": "login: successfull login",
              "timedOut": false,
              "duration": 21836,
              "state": "passed",
              "speed": "slow",
              "pass": true,
              "fail": false,
              "pending": false,
              "context": null,
              "code": "I.amOnPage('/login');\nI.seeElement('#login');\nI.fillField('#username', 'tomsmith');\nI.fillField('#password', 'SuperSecretPassword!');\nI.click('#login button');\nI.see('Logout');",
              "err": {},
              "uuid": "bae05de1-1cef-4a36-b337-f6822e6cdde1",
              "parentUUID": "6dd0dae4-4591-4051-bfcc-98f6c3b7c73e",
              "isHook": false,
              "skipped": false
            }
          ],
          "suites": [],
          "passes": [
            "bae05de1-1cef-4a36-b337-f6822e6cdde1"
          ],
          "failures": [],
          "pending": [],
          "skipped": [],
          "duration": 21836,
          "root": false,
          "rootEmpty": false,
          "_timeout": 0
        }
      ],
      "passes": [],
      "failures": [],
      "pending": [],
      "skipped": [],
      "duration": 0,
      "root": true,
      "rootEmpty": true,
      "_timeout": 0
    }
  ],
  "meta": {
    "mocha": {
      "version": "6.2.2"
    },
    "mochawesome": {
      "options": {
        "quiet": false,
        "reportFilename": "mochawesome",
        "saveHtml": true,
        "saveJson": true,
        "consoleReporter": "spec",
        "useInlineDiffs": false,
        "code": true
      },
      "version": "5.0.0"
    },
    "marge": {
      "options": {},
      "version": "4.1.0"
    }
  }
}